0 info it worked if it ends with ok
1 verbose cli [ 'C:\\Program Files\\nodejs\\node.exe',
1 verbose cli   'C:\\Program Files\\nodejs\\node_modules\\npm\\bin\\npm-cli.js',
1 verbose cli   'run',
1 verbose cli   'hot' ]
2 info using npm@3.10.10
3 info using node@v6.10.0
4 verbose run-script [ 'prehot', 'hot', 'posthot' ]
5 info lifecycle zc@1.0.0~prehot: zc@1.0.0
6 silly lifecycle zc@1.0.0~prehot: no script for prehot, continuing
7 info lifecycle zc@1.0.0~hot: zc@1.0.0
8 verbose lifecycle zc@1.0.0~hot: unsafe-perm in lifecycle true
9 verbose lifecycle zc@1.0.0~hot: PATH: C:\Program Files\nodejs\node_modules\npm\bin\node-gyp-bin;C:\mk\project\zc\zc\node_modules\.bin;C:\Windows\system32;C:\Windows;C:\Windows\System32\Wbem;C:\Windows\System32\WindowsPowerShell\v1.0\;C:\Program Files\nodejs\;C:\Ruby23-x64\bin;C:\Users\mk\AppData\Local\Programs\Python\Python36-32\Scripts\;C:\Users\mk\AppData\Local\Programs\Python\Python36-32\;C:\Users\mk\AppData\Local\Microsoft\WindowsApps;C:\Users\mk\AppData\Roaming\npm
10 verbose lifecycle zc@1.0.0~hot: CWD: C:\mk\project\zc\zc
11 silly lifecycle zc@1.0.0~hot: Args: [ '/d /s /c',
11 silly lifecycle   'webpack-dev-server --config webpack.dev.babel.js --progress' ]
12 verbose stack Error: kill ENOSYS
12 verbose stack     at exports._errnoException (util.js:1022:11)
12 verbose stack     at process.kill (internal/process.js:172:13)
12 verbose stack     at process.listener (C:\Program Files\nodejs\node_modules\npm\node_modules\npmlog\node_modules\gauge\node_modules\signal-exit\index.js:86:15)
12 verbose stack     at emitNone (events.js:91:20)
12 verbose stack     at process.emit (events.js:185:7)
12 verbose stack     at processEmit (C:\Program Files\nodejs\node_modules\npm\node_modules\npmlog\node_modules\gauge\node_modules\signal-exit\index.js:146:32)
12 verbose stack     at processEmit (C:\Program Files\nodejs\node_modules\npm\node_modules\npm-registry-client\node_modules\npmlog\node_modules\gauge\node_modules\signal-exit\index.js:146:32)
12 verbose stack     at Signal.wrap.onsignal (internal/process.js:199:44)
13 verbose cwd C:\mk\project\zc\zc
14 error Windows_NT 10.0.14393
15 error argv "C:\\Program Files\\nodejs\\node.exe" "C:\\Program Files\\nodejs\\node_modules\\npm\\bin\\npm-cli.js" "run" "hot"
16 error node v6.10.0
17 error npm  v3.10.10
18 error code ENOSYS
19 error errno ENOSYS
20 error syscall kill
21 error kill ENOSYS
22 error If you need help, you may report this error at:
22 error     <https://github.com/npm/npm/issues>
23 verbose exit [ 1, true ]
